d:\ken\github\campbellmusclelab\models\myovent\code\myoventcpp\x64\release\vc142.pdb
d:\ken\github\campbellmusclelab\models\myovent\code\myoventcpp\x64\release\transition.obj
d:\ken\github\campbellmusclelab\models\myovent\code\myoventcpp\x64\release\m_state.obj
d:\ken\github\campbellmusclelab\models\myovent\code\myoventcpp\x64\release\myoventcpp.obj
d:\ken\github\campbellmusclelab\models\myovent\code\myoventcpp\x64\release\myofilaments.obj
d:\ken\github\campbellmusclelab\models\myovent\code\myoventcpp\x64\release\membranes.obj
d:\ken\github\campbellmusclelab\models\myovent\code\myoventcpp\x64\release\kinetic_scheme.obj
d:\ken\github\campbellmusclelab\models\myovent\code\myoventcpp\x64\release\json_functions.obj
d:\ken\github\campbellmusclelab\models\myovent\code\myoventcpp\x64\release\hemi_vent.obj
d:\ken\github\campbellmusclelab\models\myovent\code\myoventcpp\x64\release\heart_rate.obj
d:\ken\github\campbellmusclelab\models\myovent\code\myoventcpp\x64\release\half_sarcomere.obj
d:\ken\github\campbellmusclelab\models\myovent\code\myoventcpp\x64\release\cmv_system.obj
d:\ken\github\campbellmusclelab\models\myovent\code\myoventcpp\x64\release\cmv_results.obj
d:\ken\github\campbellmusclelab\models\myovent\code\myoventcpp\x64\release\cmv_protocol.obj
d:\ken\github\campbellmusclelab\models\myovent\code\myoventcpp\x64\release\cmv_model.obj
d:\ken\github\campbellmusclelab\models\myovent\code\myoventcpp\x64\release\circulation.obj
d:\ken\github\campbellmusclelab\models\myovent\code\myoventcpp\x64\release\cmv_options.obj
d:\ken\github\campbellmusclelab\models\myovent\code\myoventcpp\bin\myoventcpp.exe
d:\ken\github\campbellmusclelab\models\myovent\code\myoventcpp\x64\release\myoventcpp.ipdb
d:\ken\github\campbellmusclelab\models\myovent\code\myoventcpp\bin\myoventcpp.pdb
d:\ken\github\campbellmusclelab\models\myovent\code\myoventcpp\x64\release\myoventcpp.iobj
d:\ken\github\campbellmusclelab\models\myovent\code\myoventcpp\x64\release\myoventcpp.tlog\cl.command.1.tlog
d:\ken\github\campbellmusclelab\models\myovent\code\myoventcpp\x64\release\myoventcpp.tlog\cl.read.1.tlog
d:\ken\github\campbellmusclelab\models\myovent\code\myoventcpp\x64\release\myoventcpp.tlog\cl.write.1.tlog
d:\ken\github\campbellmusclelab\models\myovent\code\myoventcpp\x64\release\myoventcpp.tlog\link.command.1.tlog
d:\ken\github\campbellmusclelab\models\myovent\code\myoventcpp\x64\release\myoventcpp.tlog\link.read.1.tlog
d:\ken\github\campbellmusclelab\models\myovent\code\myoventcpp\x64\release\myoventcpp.tlog\link.write.1.tlog
